[2026-03-21 20:43:20,726] multiqc                                            [DEBUG  ]  This is MultiQC v1.15
[2026-03-21 20:43:20,728] multiqc                                            [DEBUG  ]  Command used: /isg/shared/apps/MultiQC/1.15/bin/multiqc /scratch/sballas/ISG5312FinalProject/results/02_qc/fastqc_raw -o /scratch/sballas/ISG5312FinalProject/results/02_qc/fastqc_raw --filename multiqc_raw_report
[2026-03-21 20:43:21,002] multiqc                                            [DEBUG  ]  Could not connect to multiqc.info for version check: <urlopen error unknown url type: https>
[2026-03-21 20:43:21,002] multiqc                                            [DEBUG  ]  Working dir : /scratch/sballas/ISG5312FinalProject
[2026-03-21 20:43:21,002] multiqc                                            [DEBUG  ]  Template    : default
[2026-03-21 20:43:21,002] multiqc                                            [DEBUG  ]  Running Python 3.8.1 (default, Jul 27 2021, 10:47:11)  [GCC 4.8.5 20150623 (Red Hat 4.8.5-44)]
[2026-03-21 20:43:21,003] multiqc                                            [DEBUG  ]  Analysing modules: custom_content, ccs, ngsderive, purple, conpair, lima, peddy, somalier, methylQA, mosdepth, phantompeakqualtools, qualimap, preseq, hifiasm, quast, qorts, rna_seqc, rockhopper, rsem, rseqc, busco, bustools, goleft_indexcov, gffcompare, disambiguate, supernova, deeptools, sargasso, verifybamid, mirtrace, happy, mirtop, sambamba, gopeaks, homer, hops, macs2, theta2, snpeff, gatk, htseq, bcftools, featureCounts, fgbio, dragen, dragen_fastqc, dedup, pbmarkdup, damageprofiler, biobambam2, jcvi, mtnucratio, picard, vep, sentieon, prokka, qc3C, nanostat, samblaster, samtools, sexdeterrmine, eigenstratdatabasetools, bamtools, jellyfish, vcftools, longranger, stacks, varscan2, snippy, umitools, bbmap, bismark, biscuit, diamond, hicexplorer, hicup, hicpro, salmon, kallisto, slamdunk, star, hisat2, tophat, bowtie2, bowtie1, cellranger, snpsplit, odgi, pangolin, nextclade, humid, kat, leehom, librarian, adapterRemoval, bbduk, clipandmerge, cutadapt, flexbar, kaiju, kraken, malt, motus, trimmomatic, sickle, skewer, sortmerna, biobloomtools, fastq_screen, afterqc, fastp, fastqc, filtlong, prinseqplusplus, pychopper, porechop, pycoqc, minionqc, anglerfish, multivcfanalyzer, clusterflow, checkqc, bcl2fastq, bclconvert, interop, ivar, flash, seqyclean, optitype, whatshap
[2026-03-21 20:43:21,004] multiqc                                            [DEBUG  ]  Using temporary directory for creating report: /tmp/tmp7po2jl26
[2026-03-21 20:43:21,369] multiqc                                            [INFO   ]  Search path : /scratch/sballas/ISG5312FinalProject/results/02_qc/fastqc_raw
[2026-03-21 20:43:23,233] multiqc                                            [DEBUG  ]  Summary of files that were skipped by the search: [skipped_module_specific_max_filesize: 659] // [skipped_no_match: 111] // [skipped_ignore_pattern: 1]
[2026-03-21 20:43:24,974] multiqc.plots.bargraph                             [DEBUG  ]  Using matplotlib version 3.7.2
[2026-03-21 20:43:24,979] multiqc.plots.linegraph                            [DEBUG  ]  Using matplotlib version 3.7.2
[2026-03-21 20:43:24,982] multiqc                                            [DEBUG  ]  No samples found: custom_content
[2026-03-21 20:43:25,025] multiqc                                            [DEBUG  ]  No samples found: snippy
[2026-03-21 20:43:25,664] multiqc.modules.fastqc.fastqc                      [INFO   ]  Found 104 reports
[2026-03-21 20:43:33,614] multiqc                                            [DEBUG  ]  Compressing plot data
[2026-03-21 20:43:33,642] multiqc                                            [INFO   ]  Existing reports found, adding suffix to filenames. Use '--force' to overwrite.
[2026-03-21 20:43:33,642] multiqc                                            [INFO   ]  Report      : results/02_qc/fastqc_raw/multiqc_raw_report_1.html
[2026-03-21 20:43:33,642] multiqc                                            [INFO   ]  Data        : results/02_qc/fastqc_raw/multiqc_raw_report_data_1
[2026-03-21 20:43:33,642] multiqc                                            [DEBUG  ]  Moving data file from '/tmp/tmp7po2jl26/multiqc_data' to '/scratch/sballas/ISG5312FinalProject/results/02_qc/fastqc_raw/multiqc_raw_report_data_1'
[2026-03-21 20:43:33,880] multiqc                                            [INFO   ]  MultiQC complete
