[2026-04-14 20:02:07,125] multiqc                                            [DEBUG  ]  This is MultiQC v1.15
[2026-04-14 20:02:07,130] multiqc                                            [DEBUG  ]  Command used: /isg/shared/apps/MultiQC/1.15/bin/multiqc /scratch/sballas/ISG5312FinalProject/results/04_alignQC/samstats --outdir /scratch/sballas/ISG5312FinalProject/results/04_alignQC --filename multiqc_alignment_report
[2026-04-14 20:02:07,244] multiqc                                            [DEBUG  ]  Could not connect to multiqc.info for version check: <urlopen error unknown url type: https>
[2026-04-14 20:02:07,244] multiqc                                            [DEBUG  ]  Working dir : /scratch/sballas/ISG5312FinalProject
[2026-04-14 20:02:07,244] multiqc                                            [DEBUG  ]  Template    : default
[2026-04-14 20:02:07,244] multiqc                                            [DEBUG  ]  Running Python 3.8.1 (default, Jul 27 2021, 10:47:11)  [GCC 4.8.5 20150623 (Red Hat 4.8.5-44)]
[2026-04-14 20:02:07,244] multiqc                                            [DEBUG  ]  Analysing modules: custom_content, ccs, ngsderive, purple, conpair, lima, peddy, somalier, methylQA, mosdepth, phantompeakqualtools, qualimap, preseq, hifiasm, quast, qorts, rna_seqc, rockhopper, rsem, rseqc, busco, bustools, goleft_indexcov, gffcompare, disambiguate, supernova, deeptools, sargasso, verifybamid, mirtrace, happy, mirtop, sambamba, gopeaks, homer, hops, macs2, theta2, snpeff, gatk, htseq, bcftools, featureCounts, fgbio, dragen, dragen_fastqc, dedup, pbmarkdup, damageprofiler, biobambam2, jcvi, mtnucratio, picard, vep, sentieon, prokka, qc3C, nanostat, samblaster, samtools, sexdeterrmine, eigenstratdatabasetools, bamtools, jellyfish, vcftools, longranger, stacks, varscan2, snippy, umitools, bbmap, bismark, biscuit, diamond, hicexplorer, hicup, hicpro, salmon, kallisto, slamdunk, star, hisat2, tophat, bowtie2, bowtie1, cellranger, snpsplit, odgi, pangolin, nextclade, humid, kat, leehom, librarian, adapterRemoval, bbduk, clipandmerge, cutadapt, flexbar, kaiju, kraken, malt, motus, trimmomatic, sickle, skewer, sortmerna, biobloomtools, fastq_screen, afterqc, fastp, fastqc, filtlong, prinseqplusplus, pychopper, porechop, pycoqc, minionqc, anglerfish, multivcfanalyzer, clusterflow, checkqc, bcl2fastq, bclconvert, interop, ivar, flash, seqyclean, optitype, whatshap
[2026-04-14 20:02:07,245] multiqc                                            [DEBUG  ]  Using temporary directory for creating report: /tmp/tmptnsinxr1
[2026-04-14 20:02:07,444] multiqc                                            [INFO   ]  Search path : /scratch/sballas/ISG5312FinalProject/results/04_alignQC/samstats
[2026-04-14 20:02:08,788] multiqc                                            [DEBUG  ]  Summary of files that were skipped by the search: [skipped_module_specific_max_filesize: 562]
[2026-04-14 20:02:10,179] multiqc.plots.bargraph                             [DEBUG  ]  Using matplotlib version 3.7.2
[2026-04-14 20:02:10,187] multiqc.plots.linegraph                            [DEBUG  ]  Using matplotlib version 3.7.2
[2026-04-14 20:02:10,191] multiqc                                            [DEBUG  ]  No samples found: custom_content
[2026-04-14 20:02:10,555] multiqc.modules.picard.picard                      [INFO   ]  Found 50 AlignmentSummaryMetrics reports
[2026-04-14 20:02:10,776] multiqc.modules.samtools.samtools                  [INFO   ]  Found 52 stats reports
[2026-04-14 20:02:10,824] multiqc.modules.samtools.samtools                  [INFO   ]  Found 52 flagstat reports
[2026-04-14 20:02:11,004] multiqc                                            [DEBUG  ]  Compressing plot data
[2026-04-14 20:02:11,116] multiqc                                            [INFO   ]  Report      : results/04_alignQC/multiqc_alignment_report.html
[2026-04-14 20:02:11,116] multiqc                                            [INFO   ]  Data        : results/04_alignQC/multiqc_alignment_report_data
[2026-04-14 20:02:11,116] multiqc                                            [DEBUG  ]  Moving data file from '/tmp/tmptnsinxr1/multiqc_data' to '/scratch/sballas/ISG5312FinalProject/results/04_alignQC/multiqc_alignment_report_data'
[2026-04-14 20:02:11,412] multiqc                                            [INFO   ]  MultiQC complete
