--2026-04-08 18:26:27--  https://ftp.ensembl.org/pub/release-111/fasta/canis_lupus_familiaris/dna/Canis_lupus_familiaris.CanFam3.1.dna.toplevel.fa.gz
Resolving ftp.ensembl.org (ftp.ensembl.org)... 193.62.193.169
Connecting to ftp.ensembl.org (ftp.ensembl.org)|193.62.193.169|:443... connected.
HTTP request sent, awaiting response... 404 Not Found
2026-04-08 18:26:28 ERROR 404: Not Found.

gzip: Canis_lupus_familiaris.CanFam3.1.dna.toplevel.fa.gz: No such file or directory
mv: cannot stat ‘Canis_lupus_familiaris.CanFam3.1.dna.toplevel.fa’: No such file or directory
[E::fai_build3_core] Failed to open the file /scratch/sballas/ISG5312FinalProject/genome/CanFam3.1.fa : No such file or directory
[faidx] Could not build fai index /scratch/sballas/ISG5312FinalProject/genome/CanFam3.1.fa.fai
INFO	2026-04-08 22:26:35	CreateSequenceDictionary	Output dictionary will be written in /scratch/sballas/ISG5312FinalProject/genome/CanFam3.1.dict
22:26:35.517 INFO  NativeLibraryLoader - Loading libgkl_compression.so from jar:file:/gatk/gatk-package-4.3.0.0-local.jar!/com/intel/gkl/native/libgkl_compression.so
[Wed Apr 08 22:26:35 GMT 2026] CreateSequenceDictionary --REFERENCE /scratch/sballas/ISG5312FinalProject/genome/CanFam3.1.fa --TRUNCATE_NAMES_AT_WHITESPACE true --NUM_SEQUENCES 2147483647 --VERBOSITY INFO --QUIET false --VALIDATION_STRINGENCY STRICT --COMPRESSION_LEVEL 2 --MAX_RECORDS_IN_RAM 500000 --CREATE_INDEX false --CREATE_MD5_FILE false --GA4GH_CLIENT_SECRETS client_secrets.json --help false --version false --showHidden false --USE_JDK_DEFLATER false --USE_JDK_INFLATER false
[Wed Apr 08 22:26:35 GMT 2026] Executing as sballas@xanadu-39 on Linux 3.10.0-1062.12.1.el7.x86_64 amd64; OpenJDK 64-Bit Server VM 1.8.0_242-8u242-b08-0ubuntu3~18.04-b08; Deflater: Intel; Inflater: Intel; Provider GCS is available; Picard version: Version:4.3.0.0
[Wed Apr 08 22:26:35 GMT 2026] picard.sam.CreateSequenceDictionary done. Elapsed time: 0.00 minutes.
Runtime.totalMemory()=2114977792
To get help, see http://broadinstitute.github.io/picard/index.html#GettingHelp
htsjdk.samtools.SAMException: Error opening file: /scratch/sballas/ISG5312FinalProject/genome/CanFam3.1.fa
	at htsjdk.samtools.util.IOUtil.openFileForReading(IOUtil.java:702)
	at htsjdk.samtools.reference.FastaSequenceFile.<init>(FastaSequenceFile.java:64)
	at htsjdk.samtools.reference.ReferenceSequenceFileFactory.getReferenceSequenceFile(ReferenceSequenceFileFactory.java:144)
	at htsjdk.samtools.reference.ReferenceSequenceFileFactory.getReferenceSequenceFile(ReferenceSequenceFileFactory.java:100)
	at htsjdk.samtools.reference.ReferenceSequenceFileFactory.getReferenceSequenceFile(ReferenceSequenceFileFactory.java:88)
	at picard.util.SequenceDictionaryUtils$SamSequenceRecordsIterator.<init>(SequenceDictionaryUtils.java:82)
	at picard.sam.CreateSequenceDictionary.lambda$getSamSequenceRecordsIterable$0(CreateSequenceDictionary.java:169)
	at picard.sam.CreateSequenceDictionary.doWork(CreateSequenceDictionary.java:234)
	at picard.cmdline.CommandLineProgram.instanceMain(CommandLineProgram.java:309)
	at org.broadinstitute.hellbender.cmdline.PicardCommandLineProgramExecutor.instanceMain(PicardCommandLineProgramExecutor.java:37)
	at org.broadinstitute.hellbender.Main.runCommandLineProgram(Main.java:160)
	at org.broadinstitute.hellbender.Main.mainEntry(Main.java:203)
	at org.broadinstitute.hellbender.Main.main(Main.java:289)
Caused by: java.nio.file.NoSuchFileException: /scratch/sballas/ISG5312FinalProject/genome/CanFam3.1.fa
	at sun.nio.fs.UnixException.translateToIOException(UnixException.java:86)
	at sun.nio.fs.UnixException.rethrowAsIOException(UnixException.java:102)
	at sun.nio.fs.UnixException.rethrowAsIOException(UnixException.java:107)
	at sun.nio.fs.UnixFileSystemProvider.newByteChannel(UnixFileSystemProvider.java:214)
	at java.nio.file.Files.newByteChannel(Files.java:361)
	at java.nio.file.Files.newByteChannel(Files.java:407)
	at java.nio.file.spi.FileSystemProvider.newInputStream(FileSystemProvider.java:384)
	at java.nio.file.Files.newInputStream(Files.java:152)
	at htsjdk.samtools.util.IOUtil.openFileForReading(IOUtil.java:698)
	... 12 more
Using GATK jar /gatk/gatk-package-4.3.0.0-local.jar
Running:
    java -Dsamjdk.use_async_io_read_samtools=false -Dsamjdk.use_async_io_write_samtools=true -Dsamjdk.use_async_io_write_tribble=false -Dsamjdk.compression_level=2 -jar /gatk/gatk-package-4.3.0.0-local.jar CreateSequenceDictionary -R /scratch/sballas/ISG5312FinalProject/genome/CanFam3.1.fa
[bwa_idx_build] fail to open file '/scratch/sballas/ISG5312FinalProject/genome/CanFam3.1.fa' : No such file or directory
